[2021-01-13T14:43:44.690Z] [error]: uncaughtException: require(...) is not a function
TypeError: require(...) is not a function
    at Object.<anonymous> (C:\Users\Ido Yehezkel\Desktop\Sadna\harel-web\index.js:10:29)
    at Module._compile (internal/modules/cjs/loader.js:1158:30)
    at Object.Module._extensions..js (internal/modules/cjs/loader.js:1178:10)
    at Module.load (internal/modules/cjs/loader.js:1002:32)
    at Function.Module._load (internal/modules/cjs/loader.js:901:14)
    at Function.executeUserEntryPoint [as runMain] (internal/modules/run_main.js:74:12)
    at internal/main/run_main_module.js:18:47
[2021-01-14T14:14:45.761Z] [error]: uncaughtException: Cannot find module '../middleware/auth'
Require stack:
- C:\Users\Ido Yehezkel\Desktop\Sadna\harel-web\routes\courses.js
- C:\Users\Ido Yehezkel\Desktop\Sadna\harel-web\startup\routes.js
- C:\Users\Ido Yehezkel\Desktop\Sadna\harel-web\index.js
Error: Cannot find module '../middleware/auth'
Require stack:
- C:\Users\Ido Yehezkel\Desktop\Sadna\harel-web\routes\courses.js
- C:\Users\Ido Yehezkel\Desktop\Sadna\harel-web\startup\routes.js
- C:\Users\Ido Yehezkel\Desktop\Sadna\harel-web\index.js
    at Function.Module._resolveFilename (internal/modules/cjs/loader.js:982:15)
    at Function.Module._load (internal/modules/cjs/loader.js:864:27)
    at Module.require (internal/modules/cjs/loader.js:1044:19)
    at require (internal/modules/cjs/helpers.js:77:18)
    at Object.<anonymous> (C:\Users\Ido Yehezkel\Desktop\Sadna\harel-web\routes\courses.js:1:14)
    at Module._compile (internal/modules/cjs/loader.js:1158:30)
    at Object.Module._extensions..js (internal/modules/cjs/loader.js:1178:10)
    at Module.load (internal/modules/cjs/loader.js:1002:32)
    at Function.Module._load (internal/modules/cjs/loader.js:901:14)
    at Module.require (internal/modules/cjs/loader.js:1044:19)
[2021-01-14T14:15:03.733Z] [error]: uncaughtException: Cannot find module '../middleware/auth'
Require stack:
- C:\Users\Ido Yehezkel\Desktop\Sadna\harel-web\routes\courses.js
- C:\Users\Ido Yehezkel\Desktop\Sadna\harel-web\startup\routes.js
- C:\Users\Ido Yehezkel\Desktop\Sadna\harel-web\index.js
Error: Cannot find module '../middleware/auth'
Require stack:
- C:\Users\Ido Yehezkel\Desktop\Sadna\harel-web\routes\courses.js
- C:\Users\Ido Yehezkel\Desktop\Sadna\harel-web\startup\routes.js
- C:\Users\Ido Yehezkel\Desktop\Sadna\harel-web\index.js
    at Function.Module._resolveFilename (internal/modules/cjs/loader.js:982:15)
    at Function.Module._load (internal/modules/cjs/loader.js:864:27)
    at Module.require (internal/modules/cjs/loader.js:1044:19)
    at require (internal/modules/cjs/helpers.js:77:18)
    at Object.<anonymous> (C:\Users\Ido Yehezkel\Desktop\Sadna\harel-web\routes\courses.js:1:14)
    at Module._compile (internal/modules/cjs/loader.js:1158:30)
    at Object.Module._extensions..js (internal/modules/cjs/loader.js:1178:10)
    at Module.load (internal/modules/cjs/loader.js:1002:32)
    at Function.Module._load (internal/modules/cjs/loader.js:901:14)
    at Module.require (internal/modules/cjs/loader.js:1044:19)
[2021-01-14T14:15:27.552Z] [error]: uncaughtException: Cannot find module '../routes/home'
Require stack:
- C:\Users\Ido Yehezkel\Desktop\Sadna\harel-web\startup\routes.js
- C:\Users\Ido Yehezkel\Desktop\Sadna\harel-web\index.js
Error: Cannot find module '../routes/home'
Require stack:
- C:\Users\Ido Yehezkel\Desktop\Sadna\harel-web\startup\routes.js
- C:\Users\Ido Yehezkel\Desktop\Sadna\harel-web\index.js
    at Function.Module._resolveFilename (internal/modules/cjs/loader.js:982:15)
    at Function.Module._load (internal/modules/cjs/loader.js:864:27)
    at Module.require (internal/modules/cjs/loader.js:1044:19)
    at require (internal/modules/cjs/helpers.js:77:18)
    at Object.<anonymous> (C:\Users\Ido Yehezkel\Desktop\Sadna\harel-web\startup\routes.js:7:14)
    at Module._compile (internal/modules/cjs/loader.js:1158:30)
    at Object.Module._extensions..js (internal/modules/cjs/loader.js:1178:10)
    at Module.load (internal/modules/cjs/loader.js:1002:32)
    at Function.Module._load (internal/modules/cjs/loader.js:901:14)
    at Module.require (internal/modules/cjs/loader.js:1044:19)
[2021-01-24T14:52:05.368Z] [error]: uncaughtException: listen EADDRINUSE: address already in use :::3000
Error: listen EADDRINUSE: address already in use :::3000
    at Server.setupListenHandle [as _listen2] (node:net:1295:16)
    at listenInCluster (node:net:1343:12)
    at Server.listen (node:net:1429:7)
    at Function.listen (C:\Users\Ido Yehezkel\Desktop\gitHub\Displaying-Logos\node_modules\express\lib\application.js:618:24)
    at Object.<anonymous> (C:\Users\Ido Yehezkel\Desktop\gitHub\Displaying-Logos\src\index.js:25:20)
    at Module._compile (node:internal/modules/cjs/loader:1108:14)
    at Object.Module._extensions..js (node:internal/modules/cjs/loader:1137:10)
    at Module.load (node:internal/modules/cjs/loader:973:32)
    at Function.Module._load (node:internal/modules/cjs/loader:813:14)
    at Function.executeUserEntryPoint [as runMain] (node:internal/modules/run_main:76:12)
    at node:internal/main/run_main_module:17:47
[2021-01-24T14:52:25.493Z] [error]: uncaughtException: listen EADDRINUSE: address already in use :::3000
Error: listen EADDRINUSE: address already in use :::3000
    at Server.setupListenHandle [as _listen2] (node:net:1295:16)
    at listenInCluster (node:net:1343:12)
    at Server.listen (node:net:1429:7)
    at Function.listen (C:\Users\Ido Yehezkel\Desktop\gitHub\Displaying-Logos\node_modules\express\lib\application.js:618:24)
    at Object.<anonymous> (C:\Users\Ido Yehezkel\Desktop\gitHub\Displaying-Logos\src\index.js:25:20)
    at Module._compile (node:internal/modules/cjs/loader:1108:14)
    at Object.Module._extensions..js (node:internal/modules/cjs/loader:1137:10)
    at Module.load (node:internal/modules/cjs/loader:973:32)
    at Function.Module._load (node:internal/modules/cjs/loader:813:14)
    at Function.executeUserEntryPoint [as runMain] (node:internal/modules/run_main:76:12)
    at node:internal/main/run_main_module:17:47
[2021-01-24T14:55:22.538Z] [error]: uncaughtException: listen EADDRINUSE: address already in use :::3000
Error: listen EADDRINUSE: address already in use :::3000
    at Server.setupListenHandle [as _listen2] (net.js:1309:16)
    at listenInCluster (net.js:1357:12)
    at Server.listen (net.js:1445:7)
    at Function.listen (C:\Users\Ido Yehezkel\Desktop\gitHub\Displaying-Logos\node_modules\express\lib\application.js:618:24)
    at Object.<anonymous> (C:\Users\Ido Yehezkel\Desktop\gitHub\Displaying-Logos\src\index.js:25:20)
    at Module._compile (internal/modules/cjs/loader.js:1158:30)
    at Object.Module._extensions..js (internal/modules/cjs/loader.js:1178:10)
    at Module.load (internal/modules/cjs/loader.js:1002:32)
    at Function.Module._load (internal/modules/cjs/loader.js:901:14)
    at Function.executeUserEntryPoint [as runMain] (internal/modules/run_main.js:74:12)
    at internal/main/run_main_module.js:18:47
[2021-01-27T18:04:02.183Z] [error]: uncaughtException: Configuration property "db" is not defined
Error: Configuration property "db" is not defined
    at Config.get (C:\Users\Ido Yehezkel\Desktop\gitHub\Displaying-Logos\node_modules\config\lib\config.js:182:11)
    at module.exports (C:\Users\Ido Yehezkel\Desktop\gitHub\Displaying-Logos\src\startup\db.js:8:21)
    at Object.<anonymous> (C:\Users\Ido Yehezkel\Desktop\gitHub\Displaying-Logos\src\index.js:18:24)
    at Module._compile (node:internal/modules/cjs/loader:1108:14)
    at Object.Module._extensions..js (node:internal/modules/cjs/loader:1137:10)
    at Module.load (node:internal/modules/cjs/loader:973:32)
    at Function.Module._load (node:internal/modules/cjs/loader:813:14)
    at Function.executeUserEntryPoint [as runMain] (node:internal/modules/run_main:76:12)
    at node:internal/main/run_main_module:17:47
[2021-02-05T14:31:56.203Z] [error]: uncaughtException: missing ) after argument list
C:\Users\Ido Yehezkel\Desktop\gitHub\Displaying-Logos\src\routes\logo.js:23
}
^

SyntaxError: missing ) after argument list
    at wrapSafe (node:internal/modules/cjs/loader:1024:16)
    at Module._compile (node:internal/modules/cjs/loader:1072:27)
    at Object.Module._extensions..js (node:internal/modules/cjs/loader:1137:10)
    at Module.load (node:internal/modules/cjs/loader:973:32)
    at Function.Module._load (node:internal/modules/cjs/loader:813:14)
    at Module.require (node:internal/modules/cjs/loader:997:19)
    at require (node:internal/modules/cjs/helpers:92:18)
    at Object.<anonymous> (C:\Users\Ido Yehezkel\Desktop\gitHub\Displaying-Logos\src\startup\routes.js:8:14)
    at Module._compile (node:internal/modules/cjs/loader:1108:14)
    at Object.Module._extensions..js (node:internal/modules/cjs/loader:1137:10)
[2021-02-05T14:32:44.046Z] [error]: uncaughtException: missing ) after argument list
C:\Users\Ido Yehezkel\Desktop\gitHub\Displaying-Logos\src\routes\logo.js:28
    }
    ^

SyntaxError: missing ) after argument list
    at wrapSafe (node:internal/modules/cjs/loader:1024:16)
    at Module._compile (node:internal/modules/cjs/loader:1072:27)
    at Object.Module._extensions..js (node:internal/modules/cjs/loader:1137:10)
    at Module.load (node:internal/modules/cjs/loader:973:32)
    at Function.Module._load (node:internal/modules/cjs/loader:813:14)
    at Module.require (node:internal/modules/cjs/loader:997:19)
    at require (node:internal/modules/cjs/helpers:92:18)
    at Object.<anonymous> (C:\Users\Ido Yehezkel\Desktop\gitHub\Displaying-Logos\src\startup\routes.js:8:14)
    at Module._compile (node:internal/modules/cjs/loader:1108:14)
    at Object.Module._extensions..js (node:internal/modules/cjs/loader:1137:10)
[2021-02-05T14:32:59.674Z] [error]: uncaughtException: missing ) after argument list
C:\Users\Ido Yehezkel\Desktop\gitHub\Displaying-Logos\src\routes\logo.js:28
    }
    ^

SyntaxError: missing ) after argument list
    at wrapSafe (node:internal/modules/cjs/loader:1024:16)
    at Module._compile (node:internal/modules/cjs/loader:1072:27)
    at Object.Module._extensions..js (node:internal/modules/cjs/loader:1137:10)
    at Module.load (node:internal/modules/cjs/loader:973:32)
    at Function.Module._load (node:internal/modules/cjs/loader:813:14)
    at Module.require (node:internal/modules/cjs/loader:997:19)
    at require (node:internal/modules/cjs/helpers:92:18)
    at Object.<anonymous> (C:\Users\Ido Yehezkel\Desktop\gitHub\Displaying-Logos\src\startup\routes.js:8:14)
    at Module._compile (node:internal/modules/cjs/loader:1108:14)
    at Object.Module._extensions..js (node:internal/modules/cjs/loader:1137:10)
[2021-02-05T14:33:46.912Z] [error]: uncaughtException: Cannot overwrite `Course` model once compiled.
OverwriteModelError: Cannot overwrite `Course` model once compiled.
    at Mongoose.model (C:\Users\Ido Yehezkel\Desktop\gitHub\Displaying-Logos\node_modules\mongoose\lib\index.js:543:13)
    at Object.<anonymous> (C:\Users\Ido Yehezkel\Desktop\gitHub\Displaying-Logos\src\models\course.js:13:27)
    at Module._compile (node:internal/modules/cjs/loader:1108:14)
    at Object.Module._extensions..js (node:internal/modules/cjs/loader:1137:10)
    at Module.load (node:internal/modules/cjs/loader:973:32)
    at Function.Module._load (node:internal/modules/cjs/loader:813:14)
    at Module.require (node:internal/modules/cjs/loader:997:19)
    at require (node:internal/modules/cjs/helpers:92:18)
    at Object.<anonymous> (C:\Users\Ido Yehezkel\Desktop\gitHub\Displaying-Logos\src\routes\courses.js:8:30)
    at Module._compile (node:internal/modules/cjs/loader:1108:14)
    at Object.Module._extensions..js (node:internal/modules/cjs/loader:1137:10)
    at Module.load (node:internal/modules/cjs/loader:973:32)
    at Function.Module._load (node:internal/modules/cjs/loader:813:14)
    at Module.require (node:internal/modules/cjs/loader:997:19)
    at require (node:internal/modules/cjs/helpers:92:18)
    at Object.<anonymous> (C:\Users\Ido Yehezkel\Desktop\gitHub\Displaying-Logos\src\startup\routes.js:9:17)
[2021-02-05T14:34:21.643Z] [error]: uncaughtException: Cannot overwrite `Course` model once compiled.
OverwriteModelError: Cannot overwrite `Course` model once compiled.
    at Mongoose.model (C:\Users\Ido Yehezkel\Desktop\gitHub\Displaying-Logos\node_modules\mongoose\lib\index.js:543:13)
    at Object.<anonymous> (C:\Users\Ido Yehezkel\Desktop\gitHub\Displaying-Logos\src\models\course.js:13:27)
    at Module._compile (node:internal/modules/cjs/loader:1108:14)
    at Object.Module._extensions..js (node:internal/modules/cjs/loader:1137:10)
    at Module.load (node:internal/modules/cjs/loader:973:32)
    at Function.Module._load (node:internal/modules/cjs/loader:813:14)
    at Module.require (node:internal/modules/cjs/loader:997:19)
    at require (node:internal/modules/cjs/helpers:92:18)
    at Object.<anonymous> (C:\Users\Ido Yehezkel\Desktop\gitHub\Displaying-Logos\src\routes\courses.js:8:30)
    at Module._compile (node:internal/modules/cjs/loader:1108:14)
    at Object.Module._extensions..js (node:internal/modules/cjs/loader:1137:10)
    at Module.load (node:internal/modules/cjs/loader:973:32)
    at Function.Module._load (node:internal/modules/cjs/loader:813:14)
    at Module.require (node:internal/modules/cjs/loader:997:19)
    at require (node:internal/modules/cjs/helpers:92:18)
    at Object.<anonymous> (C:\Users\Ido Yehezkel\Desktop\gitHub\Displaying-Logos\src\startup\routes.js:9:17)
[2021-02-05T14:36:01.424Z] [error]: uncaughtException: Cannot overwrite `Course` model once compiled.
OverwriteModelError: Cannot overwrite `Course` model once compiled.
    at Mongoose.model (C:\Users\Ido Yehezkel\Desktop\gitHub\Displaying-Logos\node_modules\mongoose\lib\index.js:543:13)
    at Object.<anonymous> (C:\Users\Ido Yehezkel\Desktop\gitHub\Displaying-Logos\src\models\course.js:13:27)
    at Module._compile (node:internal/modules/cjs/loader:1108:14)
    at Object.Module._extensions..js (node:internal/modules/cjs/loader:1137:10)
    at Module.load (node:internal/modules/cjs/loader:973:32)
    at Function.Module._load (node:internal/modules/cjs/loader:813:14)
    at Module.require (node:internal/modules/cjs/loader:997:19)
    at require (node:internal/modules/cjs/helpers:92:18)
    at Object.<anonymous> (C:\Users\Ido Yehezkel\Desktop\gitHub\Displaying-Logos\src\routes\courses.js:8:30)
    at Module._compile (node:internal/modules/cjs/loader:1108:14)
    at Object.Module._extensions..js (node:internal/modules/cjs/loader:1137:10)
    at Module.load (node:internal/modules/cjs/loader:973:32)
    at Function.Module._load (node:internal/modules/cjs/loader:813:14)
    at Module.require (node:internal/modules/cjs/loader:997:19)
    at require (node:internal/modules/cjs/helpers:92:18)
    at Object.<anonymous> (C:\Users\Ido Yehezkel\Desktop\gitHub\Displaying-Logos\src\startup\routes.js:9:17)
[2021-02-05T14:36:24.279Z] [error]: uncaughtException: Cannot overwrite `Course` model once compiled.
OverwriteModelError: Cannot overwrite `Course` model once compiled.
    at Mongoose.model (C:\Users\Ido Yehezkel\Desktop\gitHub\Displaying-Logos\node_modules\mongoose\lib\index.js:543:13)
    at Object.<anonymous> (C:\Users\Ido Yehezkel\Desktop\gitHub\Displaying-Logos\src\models\course.js:13:27)
    at Module._compile (node:internal/modules/cjs/loader:1108:14)
    at Object.Module._extensions..js (node:internal/modules/cjs/loader:1137:10)
    at Module.load (node:internal/modules/cjs/loader:973:32)
    at Function.Module._load (node:internal/modules/cjs/loader:813:14)
    at Module.require (node:internal/modules/cjs/loader:997:19)
    at require (node:internal/modules/cjs/helpers:92:18)
    at Object.<anonymous> (C:\Users\Ido Yehezkel\Desktop\gitHub\Displaying-Logos\src\routes\courses.js:8:30)
    at Module._compile (node:internal/modules/cjs/loader:1108:14)
    at Object.Module._extensions..js (node:internal/modules/cjs/loader:1137:10)
    at Module.load (node:internal/modules/cjs/loader:973:32)
    at Function.Module._load (node:internal/modules/cjs/loader:813:14)
    at Module.require (node:internal/modules/cjs/loader:997:19)
    at require (node:internal/modules/cjs/helpers:92:18)
    at Object.<anonymous> (C:\Users\Ido Yehezkel\Desktop\gitHub\Displaying-Logos\src\startup\routes.js:9:17)
[2021-02-05T14:37:42.863Z] [error]: uncaughtException: Cannot overwrite `Course` model once compiled.
OverwriteModelError: Cannot overwrite `Course` model once compiled.
    at Mongoose.model (C:\Users\Ido Yehezkel\Desktop\gitHub\Displaying-Logos\node_modules\mongoose\lib\index.js:543:13)
    at Object.<anonymous> (C:\Users\Ido Yehezkel\Desktop\gitHub\Displaying-Logos\src\models\course.js:13:27)
    at Module._compile (node:internal/modules/cjs/loader:1108:14)
    at Object.Module._extensions..js (node:internal/modules/cjs/loader:1137:10)
    at Module.load (node:internal/modules/cjs/loader:973:32)
    at Function.Module._load (node:internal/modules/cjs/loader:813:14)
    at Module.require (node:internal/modules/cjs/loader:997:19)
    at require (node:internal/modules/cjs/helpers:92:18)
    at Object.<anonymous> (C:\Users\Ido Yehezkel\Desktop\gitHub\Displaying-Logos\src\routes\courses.js:8:30)
    at Module._compile (node:internal/modules/cjs/loader:1108:14)
    at Object.Module._extensions..js (node:internal/modules/cjs/loader:1137:10)
    at Module.load (node:internal/modules/cjs/loader:973:32)
    at Function.Module._load (node:internal/modules/cjs/loader:813:14)
    at Module.require (node:internal/modules/cjs/loader:997:19)
    at require (node:internal/modules/cjs/helpers:92:18)
    at Object.<anonymous> (C:\Users\Ido Yehezkel\Desktop\gitHub\Displaying-Logos\src\startup\routes.js:9:17)
